#
# There is insufficient memory for the Java Runtime Environment to continue.
# Native memory allocation (malloc) failed to allocate 1056656 bytes for Chunk::new
# Possible reasons:
#   The system is out of physical RAM or swap space
#   The process is running with CompressedOops enabled, and the Java Heap may be blocking the growth of the native heap
# Possible solutions:
#   Reduce memory load on the system
#   Increase physical memory or swap space
#   Check if swap backing store is full
#   Decrease Java heap size (-Xmx/-Xms)
#   Decrease number of Java threads
#   Decrease Java thread stack sizes (-Xss)
#   Set larger code cache with -XX:ReservedCodeCacheSize=
#   JVM is running with Unscaled Compressed Oops mode in which the Java heap is
#     placed in the first 4GB address space. The Java Heap base address is the
#     maximum limit for the native heap growth. Please use -XX:HeapBaseMinAddress
#     to set the Java Heap base and to place the Java Heap above 4GB virtual address.
# This output file may be truncated or incomplete.
#
#  Out of Memory Error (allocation.cpp:389), pid=14180, tid=0x0000000000006308
#
# JRE version: OpenJDK Runtime Environment (8.0_202-b03) (build 1.8.0_202-release-1483-b03)
# Java VM: OpenJDK 64-Bit Server VM (25.202-b03 mixed mode windows-amd64 compressed oops)
# Failed to write core dump. Minidumps are not enabled by default on client versions of Windows
#

---------------  T H R E A D  ---------------

Current thread (0x0000000015ee2000):  JavaThread "C2 CompilerThread0" daemon [_thread_in_native, id=25352, stack(0x0000000017540000,0x0000000017640000)]

Stack: [0x0000000017540000,0x0000000017640000]
[error occurred during error reporting (printing stack bounds), id 0xc0000005]

Native frames: (J=compiled Java code, j=interpreted, Vv=VM code, C=native code)


Current CompileTask:
C2: 110364 18346       4       com.android.tools.r8.ir.conversion.JarSourceCode::buildInstruction (264 bytes)


---------------  P R O C E S S  ---------------

Java Threads: ( => current thread )
  0x0000000018aec800 JavaThread "ForkJoinPool.commonPool-worker-3" daemon [_thread_in_Java, id=12356, stack(0x00000000271d0000,0x00000000272d0000)]
  0x000000001ca88800 JavaThread "ForkJoinPool.commonPool-worker-2" daemon [_thread_in_Java, id=14476, stack(0x00000000270d0000,0x00000000271d0000)]
  0x000000001ca87800 JavaThread "ForkJoinPool.commonPool-worker-1" daemon [_thread_in_vm, id=24032, stack(0x0000000026fd0000,0x00000000270d0000)]
  0x000000001ca86000 JavaThread "stdout" [_thread_in_native, id=15132, stack(0x00000000262d0000,0x00000000263d0000)]
  0x000000001ca85000 JavaThread "stderr" [_thread_in_native, id=16216, stack(0x00000000261d0000,0x00000000262d0000)]
  0x000000001ca89000 JavaThread "pool-12-thread-1" [_thread_blocked, id=22616, stack(0x0000000025ed0000,0x0000000025fd0000)]
  0x000000001ca7b800 JavaThread "Cache worker for execution history cache (D:\GitHub\Breath\.gradle\5.1.1\executionHistory)" [_thread_blocked, id=21508, stack(0x0000000025dd0000,0x0000000025ed0000)]
  0x000000001ca82000 JavaThread "Execution worker for ':' Thread 3" [_thread_blocked, id=21016, stack(0x0000000025cd0000,0x0000000025dd0000)]
  0x000000001ca7f000 JavaThread "Execution worker for ':' Thread 2" [_thread_blocked, id=21768, stack(0x0000000025bd0000,0x0000000025cd0000)]
  0x000000001ca81800 JavaThread "Execution worker for ':'" [_thread_blocked, id=6608, stack(0x0000000025ad0000,0x0000000025bd0000)]
  0x000000002019b800 JavaThread "Cache worker for file content cache (D:\GitHub\Breath\.gradle\5.1.1\fileContent)" [_thread_blocked, id=21344, stack(0x00000000259d0000,0x0000000025ad0000)]
  0x00000000201a1800 JavaThread "Cache worker for file content cache (C:\Users\Amith K K\.gradle\caches\5.1.1\fileContent)" [_thread_blocked, id=25596, stack(0x00000000258d0000,0x00000000259d0000)]
  0x00000000201a0000 JavaThread "Cache worker for Build Output Cleanup Cache (D:\GitHub\Breath\.gradle\buildOutputCleanup)" [_thread_blocked, id=3968, stack(0x00000000251d0000,0x00000000252d0000)]
  0x000000002019e800 JavaThread "pool-11-thread-1" [_thread_blocked, id=5156, stack(0x00000000250d0000,0x00000000251d0000)]
  0x000000002019c000 JavaThread "Build operations Thread 4" [_thread_blocked, id=21332, stack(0x0000000024fd0000,0x00000000250d0000)]
  0x000000002019a000 JavaThread "Build operations Thread 3" [_thread_blocked, id=17348, stack(0x0000000024a40000,0x0000000024b40000)]
  0x0000000020192800 JavaThread "Build operations Thread 2" [_thread_blocked, id=23100, stack(0x0000000021ff0000,0x00000000220f0000)]
  0x0000000020199000 JavaThread "Build operations" [_thread_blocked, id=19668, stack(0x0000000021cf0000,0x0000000021df0000)]
  0x0000000020197800 JavaThread "Cache worker for cache directory md-rule (C:\Users\Amith K K\.gradle\caches\5.1.1\md-rule)" [_thread_blocked, id=6336, stack(0x0000000021710000,0x0000000021810000)]
  0x0000000020198800 JavaThread "Cache worker for cache directory md-supplier (C:\Users\Amith K K\.gradle\caches\5.1.1\md-supplier)" [_thread_blocked, id=3008, stack(0x000000001fe00000,0x000000001ff00000)]
  0x0000000020197000 JavaThread "Cache worker for file hash cache (D:\GitHub\Breath\.gradle\5.1.1\fileHashes)" [_thread_blocked, id=19428, stack(0x000000001e7d0000,0x000000001e8d0000)]
  0x0000000020194000 JavaThread "Thread-93" [_thread_blocked, id=16720, stack(0x000000001e000000,0x000000001e100000)]
  0x0000000020195800 JavaThread "Stdin handler" [_thread_blocked, id=21648, stack(0x000000001cc30000,0x000000001cd30000)]
  0x0000000020193000 JavaThread "Asynchronous log dispatcher for DefaultDaemonConnection: socket connection from /127.0.0.1:63605 to /127.0.0.1:63664" [_thread_blocked, id=10932, stack(0x000000001b660000,0x000000001b760000)]
  0x0000000020194800 JavaThread "Cancel handler" [_thread_blocked, id=16536, stack(0x000000001b260000,0x000000001b360000)]
  0x0000000020196000 JavaThread "Handler for socket connection from /127.0.0.1:63605 to /127.0.0.1:63664" [_thread_in_native, id=9364, stack(0x000000001af60000,0x000000001b060000)]
  0x000000001ca8a000 JavaThread "Memory manager" [_thread_blocked, id=21368, stack(0x0000000023570000,0x0000000023670000)]
  0x000000001ca7e800 JavaThread "Cache worker for execution history cache (C:\Users\Amith K K\.gradle\caches\5.1.1\executionHistory)" [_thread_blocked, id=4012, stack(0x000000001fb00000,0x000000001fc00000)]
  0x0000000018aee000 JavaThread "Cache worker for journal cache (C:\Users\Amith K K\.gradle\caches\journal-1)" [_thread_blocked, id=19476, stack(0x000000001b960000,0x000000001ba60000)]
  0x0000000018aeb000 JavaThread "File lock request listener" [_thread_in_native, id=20312, stack(0x000000001b860000,0x000000001b960000)]
  0x0000000017a50000 JavaThread "Cache worker for file hash cache (C:\Users\Amith K K\.gradle\caches\5.1.1\fileHashes)" [_thread_blocked, id=25468, stack(0x000000001b760000,0x000000001b860000)]
  0x0000000019a36800 JavaThread "Daemon worker" [_thread_blocked, id=13872, stack(0x000000001b360000,0x000000001b460000)]
  0x0000000017a6f000 JavaThread "Daemon" [_thread_blocked, id=17504, stack(0x000000001ae60000,0x000000001af60000)]
  0x00000000197f7000 JavaThread "Daemon periodic checks" [_thread_blocked, id=4664, stack(0x000000001ad60000,0x000000001ae60000)]
  0x000000001920b800 JavaThread "Incoming local TCP Connector on port 63605" [_thread_in_native, id=5828, stack(0x000000001ab20000,0x000000001ac20000)]
  0x0000000015f3e800 JavaThread "Service Thread" daemon [_thread_blocked, id=10024, stack(0x0000000017c40000,0x0000000017d40000)]
  0x0000000015eed000 JavaThread "C1 CompilerThread2" daemon [_thread_in_native, id=12336, stack(0x0000000017740000,0x0000000017840000)]
  0x0000000015ee5800 JavaThread "C2 CompilerThread1" daemon [_thread_in_native, id=19852, stack(0x0000000017640000,0x0000000017740000)]
=>0x0000000015ee2000 JavaThread "C2 CompilerThread0" daemon [_thread_in_native, id=25352, stack(0x0000000017540000,0x0000000017640000)]
  0x0000000015ede000 JavaThread "Attach Listener" daemon [_thread_blocked, id=13472, stack(0x0000000017440000,0x0000000017540000)]
  0x0000000015edd000 JavaThread "Signal Dispatcher" daemon [_thread_blocked, id=17772, stack(0x0000000017340000,0x0000000017440000)]
  0x000000000256e800 JavaThread "Finalizer" daemon [_thread_blocked, id=9912, stack(0x0000000017140000,0x0000000017240000)]
  0x0000000015ec9800 JavaThread "Reference Handler" daemon [_thread_blocked, id=14444, stack(0x0000000017040000,0x0000000017140000)]
  0x0000000002472800 JavaThread "main" [_thread_blocked, id=13996, stack(0x0000000002290000,0x0000000002390000)]

Other Threads:
  0x0000000015ea8000 VMThread [stack: 0x0000000016f40000,0x0000000017040000] [id=14680]
  0x0000000017873800 WatcherThread [stack: 0x0000000017d40000,0x0000000017e40000] [id=4244]

VM state:not at safepoint (normal execution)

VM Mutex/Monitor currently owned by a thread: None

heap address: 0x00000000a0000000, size: 1536 MB, Compressed Oops mode: 32-bit
Narrow klass base: 0x0000000000000000, Narrow klass shift: 3
Compressed class space size: 1073741824 Address: 0x0000000100000000

Heap:
 PSYoungGen      total 318464K, used 265643K [0x00000000e0000000, 0x00000000f6800000, 0x0000000100000000)
  eden space 279552K, 81% used [0x00000000e0000000,0x00000000edecef48,0x00000000f1100000)
  from space 38912K, 96% used [0x00000000f1100000,0x00000000f359bfc0,0x00000000f3700000)
  to   space 37376K, 0% used [0x00000000f3700000,0x00000000f3700000,0x00000000f5b80000)
 ParOldGen       total 229888K, used 88676K [0x00000000a0000000, 0x00000000ae080000, 0x00000000e0000000)
  object space 229888K, 38% used [0x00000000a0000000,0x00000000a5699150,0x00000000ae080000)
 Metaspace       used 114724K, capacity 120248K, committed 120488K, reserved 1155072K
  class space    used 14623K, capacity 15700K, committed 15784K, reserved 1048576K

Card table byte_map: [0x0000000011930000,0x0000000011c40000] byte_map_base: 0x0000000011430000

Marking Bits: (ParMarkBitMap*) 0x0000000059af9f30
 Begin Bits: [0x0000000012240000, 0x0000000013a40000)
 End Bits:   [0x0000000013a40000, 0x0000000015240000)

Polling page: 0x0000000000930000

CodeCache: size=245760Kb used=54201Kb max_used=54201Kb free=191558Kb
 bounds [0x0000000002570000, 0x0000000005aa0000, 0x0000000011570000]
 total_blobs=16510 nmethods=15589 adapters=833
 compilation: enabled

Compilation events (10 events):
Event: 110.360 Thread 0x0000000015eed000 nmethod 18891 0x0000000005a8f390 code [0x0000000005a8f4e0, 0x0000000005a8f5f0]
Event: 110.360 Thread 0x0000000015eed000 18889       2       com.android.tools.r8.graph.DexProgramClass$$Lambda$784/387844799::test (8 bytes)
Event: 110.360 Thread 0x0000000015eed000 nmethod 18889 0x0000000005a8f650 code [0x0000000005a8f7c0, 0x0000000005a8f9d0]
Event: 110.360 Thread 0x0000000015eed000 18894       2       com.android.tools.r8.ir.conversion.DexBuilder::rewriteIfs (113 bytes)
Event: 110.361 Thread 0x0000000015eed000 nmethod 18894 0x0000000005a8fb90 code [0x0000000005a8fe00, 0x0000000005a904e8]
Event: 110.361 Thread 0x0000000015eed000 18900       2       com.android.tools.r8.graph.DexDebugEventBuilder::build (189 bytes)
Event: 110.362 Thread 0x0000000015eed000 nmethod 18900 0x0000000005a90d10 code [0x0000000005a90f00, 0x0000000005a915b8]
Event: 110.362 Thread 0x0000000015eed000 18903       2       com.android.tools.r8.dex.DebugBytecodeWriter::maybeGrow (50 bytes)
Event: 110.363 Thread 0x0000000015eed000 nmethod 18903 0x0000000005a91b90 code [0x0000000005a91d40, 0x0000000005a92248]
Event: 110.363 Thread 0x0000000015eed000 18906       2       com.android.tools.r8.utils.LebUtils::encodeUleb128 (57 bytes)

GC Heap History (10 events):
Event: 81.224 GC heap before
{Heap before GC invocations=21 (full 3):
 PSYoungGen      total 274944K, used 270756K [0x00000000e0000000, 0x00000000f4000000, 0x0000000100000000)
  eden space 247296K, 100% used [0x00000000e0000000,0x00000000ef180000,0x00000000ef180000)
  from space 27648K, 84% used [0x00000000ef180000,0x00000000f08692a0,0x00000000f0c80000)
  to   space 29696K, 0% used [0x00000000f2300000,0x00000000f2300000,0x00000000f4000000)
 ParOldGen       total 124928K, used 61544K [0x00000000a0000000, 0x00000000a7a00000, 0x00000000e0000000)
  object space 124928K, 49% used [0x00000000a0000000,0x00000000a3c1a3b0,0x00000000a7a00000)
 Metaspace       used 82730K, capacity 86766K, committed 86952K, reserved 1124352K
  class space    used 10734K, capacity 11609K, committed 11688K, reserved 1048576K
Event: 81.257 GC heap after
Heap after GC invocations=21 (full 3):
 PSYoungGen      total 294912K, used 24292K [0x00000000e0000000, 0x00000000f4200000, 0x0000000100000000)
  eden space 265216K, 0% used [0x00000000e0000000,0x00000000e0000000,0x00000000f0300000)
  from space 29696K, 81% used [0x00000000f2300000,0x00000000f3ab9120,0x00000000f4000000)
  to   space 32256K, 0% used [0x00000000f0300000,0x00000000f0300000,0x00000000f2280000)
 ParOldGen       total 124928K, used 61552K [0x00000000a0000000, 0x00000000a7a00000, 0x00000000e0000000)
  object space 124928K, 49% used [0x00000000a0000000,0x00000000a3c1c3b0,0x00000000a7a00000)
 Metaspace       used 82730K, capacity 86766K, committed 86952K, reserved 1124352K
  class space    used 10734K, capacity 11609K, committed 11688K, reserved 1048576K
}
Event: 102.515 GC heap before
{Heap before GC invocations=22 (full 3):
 PSYoungGen      total 294912K, used 289508K [0x00000000e0000000, 0x00000000f4200000, 0x0000000100000000)
  eden space 265216K, 100% used [0x00000000e0000000,0x00000000f0300000,0x00000000f0300000)
  from space 29696K, 81% used [0x00000000f2300000,0x00000000f3ab9120,0x00000000f4000000)
  to   space 32256K, 0% used [0x00000000f0300000,0x00000000f0300000,0x00000000f2280000)
 ParOldGen       total 124928K, used 61552K [0x00000000a0000000, 0x00000000a7a00000, 0x00000000e0000000)
  object space 124928K, 49% used [0x00000000a0000000,0x00000000a3c1c3b0,0x00000000a7a00000)
 Metaspace       used 85663K, capacity 90224K, committed 90408K, reserved 1128448K
  class space    used 11111K, capacity 12042K, committed 12072K, reserved 1048576K
Event: 102.549 GC heap after
Heap after GC invocations=22 (full 3):
 PSYoungGen      total 297472K, used 32255K [0x00000000e0000000, 0x00000000f5b80000, 0x0000000100000000)
  eden space 265216K, 0% used [0x00000000e0000000,0x00000000e0000000,0x00000000f0300000)
  from space 32256K, 99% used [0x00000000f0300000,0x00000000f227fe90,0x00000000f2280000)
  to   space 37376K, 0% used [0x00000000f3700000,0x00000000f3700000,0x00000000f5b80000)
 ParOldGen       total 124928K, used 62530K [0x00000000a0000000, 0x00000000a7a00000, 0x00000000e0000000)
  object space 124928K, 50% used [0x00000000a0000000,0x00000000a3d10ac0,0x00000000a7a00000)
 Metaspace       used 85663K, capacity 90224K, committed 90408K, reserved 1128448K
  class space    used 11111K, capacity 12042K, committed 12072K, reserved 1048576K
}
Event: 104.086 GC heap before
{Heap before GC invocations=23 (full 3):
 PSYoungGen      total 297472K, used 179398K [0x00000000e0000000, 0x00000000f5b80000, 0x0000000100000000)
  eden space 265216K, 55% used [0x00000000e0000000,0x00000000e8fb1ac0,0x00000000f0300000)
  from space 32256K, 99% used [0x00000000f0300000,0x00000000f227fe90,0x00000000f2280000)
  to   space 37376K, 0% used [0x00000000f3700000,0x00000000f3700000,0x00000000f5b80000)
 ParOldGen       total 124928K, used 62530K [0x00000000a0000000, 0x00000000a7a00000, 0x00000000e0000000)
  object space 124928K, 50% used [0x00000000a0000000,0x00000000a3d10ac0,0x00000000a7a00000)
 Metaspace       used 93588K, capacity 98290K, committed 98600K, reserved 1134592K
  class space    used 11967K, capacity 12901K, committed 12968K, reserved 1048576K
Event: 104.126 GC heap after
Heap after GC invocations=23 (full 3):
 PSYoungGen      total 316928K, used 27225K [0x00000000e0000000, 0x00000000f6800000, 0x0000000100000000)
  eden space 279552K, 0% used [0x00000000e0000000,0x00000000e0000000,0x00000000f1100000)
  from space 37376K, 72% used [0x00000000f3700000,0x00000000f5196478,0x00000000f5b80000)
  to   space 38912K, 0% used [0x00000000f1100000,0x00000000f1100000,0x00000000f3700000)
 ParOldGen       total 124928K, used 76540K [0x00000000a0000000, 0x00000000a7a00000, 0x00000000e0000000)
  object space 124928K, 61% used [0x00000000a0000000,0x00000000a4abf170,0x00000000a7a00000)
 Metaspace       used 93588K, capacity 98290K, committed 98600K, reserved 1134592K
  class space    used 11967K, capacity 12901K, committed 12968K, reserved 1048576K
}
Event: 104.126 GC heap before
{Heap before GC invocations=24 (full 4):
 PSYoungGen      total 316928K, used 27225K [0x00000000e0000000, 0x00000000f6800000, 0x0000000100000000)
  eden space 279552K, 0% used [0x00000000e0000000,0x00000000e0000000,0x00000000f1100000)
  from space 37376K, 72% used [0x00000000f3700000,0x00000000f5196478,0x00000000f5b80000)
  to   space 38912K, 0% used [0x00000000f1100000,0x00000000f1100000,0x00000000f3700000)
 ParOldGen       total 124928K, used 76540K [0x00000000a0000000, 0x00000000a7a00000, 0x00000000e0000000)
  object space 124928K, 61% used [0x00000000a0000000,0x00000000a4abf170,0x00000000a7a00000)
 Metaspace       used 93588K, capacity 98290K, committed 98600K, reserved 1134592K
  class space    used 11967K, capacity 12901K, committed 12968K, reserved 1048576K
Event: 104.583 GC heap after
Heap after GC invocations=24 (full 4):
 PSYoungGen      total 316928K, used 0K [0x00000000e0000000, 0x00000000f6800000, 0x0000000100000000)
  eden space 279552K, 0% used [0x00000000e0000000,0x00000000e0000000,0x00000000f1100000)
  from space 37376K, 0% used [0x00000000f3700000,0x00000000f3700000,0x00000000f5b80000)
  to   space 38912K, 0% used [0x00000000f1100000,0x00000000f1100000,0x00000000f3700000)
 ParOldGen       total 229888K, used 88652K [0x00000000a0000000, 0x00000000ae080000, 0x00000000e0000000)
  object space 229888K, 38% used [0x00000000a0000000,0x00000000a5693130,0x00000000ae080000)
 Metaspace       used 93546K, capacity 98170K, committed 98600K, reserved 1134592K
  class space    used 11956K, capacity 12861K, committed 12968K, reserved 1048576K
}
Event: 108.294 GC heap before
{Heap before GC invocations=25 (full 4):
 PSYoungGen      total 316928K, used 279552K [0x00000000e0000000, 0x00000000f6800000, 0x0000000100000000)
  eden space 279552K, 100% used [0x00000000e0000000,0x00000000f1100000,0x00000000f1100000)
  from space 37376K, 0% used [0x00000000f3700000,0x00000000f3700000,0x00000000f5b80000)
  to   space 38912K, 0% used [0x00000000f1100000,0x00000000f1100000,0x00000000f3700000)
 ParOldGen       total 229888K, used 88668K [0x00000000a0000000, 0x00000000ae080000, 0x00000000e0000000)
  object space 229888K, 38% used [0x00000000a0000000,0x00000000a5697150,0x00000000ae080000)
 Metaspace       used 105494K, capacity 110324K, committed 110760K, reserved 1144832K
  class space    used 13461K, capacity 14412K, committed 14504K, reserved 1048576K
Event: 108.328 GC heap after
Heap after GC invocations=25 (full 4):
 PSYoungGen      total 318464K, used 37487K [0x00000000e0000000, 0x00000000f6800000, 0x0000000100000000)
  eden space 279552K, 0% used [0x00000000e0000000,0x00000000e0000000,0x00000000f1100000)
  from space 38912K, 96% used [0x00000000f1100000,0x00000000f359bfc0,0x00000000f3700000)
  to   space 37376K, 0% used [0x00000000f3700000,0x00000000f3700000,0x00000000f5b80000)
 ParOldGen       total 229888K, used 88676K [0x00000000a0000000, 0x00000000ae080000, 0x00000000e0000000)
  object space 229888K, 38% used [0x00000000a0000000,0x00000000a5699150,0x00000000ae080000)
 Metaspace       used 105494K, capacity 110324K, committed 110760K, reserved 1144832K
  class space    used 13461K, capacity 14412K, committed 14504K, reserved 1048576K
}

Deoptimization events (10 events):
Event: 110.162 Thread 0x0000000018aec800 Uncommon trap: reason=unstable_if action=reinterpret pc=0x000000000578ad50 method=com.android.tools.r8.ir.regalloc.LiveIntervals.hasSplits()Z @ 9
Event: 110.165 Thread 0x0000000018aec800 Uncommon trap: reason=unstable_if action=reinterpret pc=0x0000000005721c54 method=com.android.tools.r8.ir.regalloc.LiveIntervals.hasSplits()Z @ 9
Event: 110.263 Thread 0x000000001ca88800 Uncommon trap: reason=array_check action=maybe_recompile pc=0x0000000005953c60 method=java.util.TimSort.binarySort([Ljava/lang/Object;IIILjava/util/Comparator;)V @ 215
Event: 110.263 Thread 0x000000001ca88800 Uncommon trap: reason=array_check action=maybe_recompile pc=0x0000000005953c60 method=java.util.TimSort.binarySort([Ljava/lang/Object;IIILjava/util/Comparator;)V @ 215
Event: 110.263 Thread 0x000000001ca88800 Uncommon trap: reason=array_check action=maybe_recompile pc=0x00000000052c01c0 method=java.util.TimSort.binarySort([Ljava/lang/Object;IIILjava/util/Comparator;)V @ 215
Event: 110.339 Thread 0x000000001ca88800 Uncommon trap: reason=unstable_if action=reinterpret pc=0x0000000003d73068 method=java.util.Arrays.equals([Ljava/lang/Object;[Ljava/lang/Object;)Z @ 47
Event: 110.355 Thread 0x000000001ca87800 Uncommon trap: reason=class_check action=maybe_recompile pc=0x00000000059b068c method=java.util.Spliterators$ArraySpliterator.tryAdvance(Ljava/util/function/Consumer;)Z @ 49
Event: 110.355 Thread 0x000000001ca88800 Uncommon trap: reason=class_check action=maybe_recompile pc=0x00000000059b068c method=java.util.Spliterators$ArraySpliterator.tryAdvance(Ljava/util/function/Consumer;)Z @ 49
Event: 110.355 Thread 0x000000001ca88800 Uncommon trap: reason=class_check action=maybe_recompile pc=0x00000000059b068c method=java.util.Spliterators$ArraySpliterator.tryAdvance(Ljava/util/function/Consumer;)Z @ 49
Event: 110.355 Thread 0x000000001ca88800 Uncommon trap: reason=class_check action=maybe_recompile pc=0x00000000059b068c method=java.util.Spliterators$ArraySpliterator.tryAdvance(Ljava/util/function/Consumer;)Z @ 49

Classes redefined (0 events):
No events

Internal exceptions (10 events):
Event: 106.259 Thread 0x000000001ca81800 Exception <a 'java/security/PrivilegedActionException'> (0x00000000e90d3c10) thrown at [D:\src\AOSP-openjdk-cygwin\jdk8u\hotspot\src\share\vm\prims\jvm.cpp, line 1508]
Event: 106.259 Thread 0x000000001ca81800 Exception <a 'java/security/PrivilegedActionException'> (0x00000000e90d4990) thrown at [D:\src\AOSP-openjdk-cygwin\jdk8u\hotspot\src\share\vm\prims\jvm.cpp, line 1508]
Event: 106.259 Thread 0x000000001ca81800 Exception <a 'java/lang/ClassNotFoundException': org/codehaus/groovy/ast/ClassNodeCustomizer> (0x00000000e90f3c50) thrown at [D:\src\AOSP-openjdk-cygwin\jdk8u\hotspot\src\share\vm\classfile\systemDictionary.cpp, line 210]
Event: 107.320 Thread 0x0000000019a36800 Exception <a 'sun/nio/fs/WindowsException'> (0x00000000eadeb798) thrown at [D:\src\AOSP-openjdk-cygwin\jdk8u\hotspot\src\share\vm\prims\jni.cpp, line 710]
Event: 107.714 Thread 0x000000001ca87800 Exception <a 'java/lang/NoSuchMethodError': java.lang.Object.lambda$static$0(Ljava/lang/String;)Z> (0x00000000ec2b4a08) thrown at [D:\src\AOSP-openjdk-cygwin\jdk8u\hotspot\src\share\vm\interpreter\linkResolver.cpp, line 620]
Event: 108.450 Thread 0x000000001ca87800 Exception <a 'sun/nio/fs/WindowsException'> (0x00000000e2d53af0) thrown at [D:\src\AOSP-openjdk-cygwin\jdk8u\hotspot\src\share\vm\prims\jni.cpp, line 710]
Event: 108.478 Thread 0x0000000018aec800 Exception <a 'sun/nio/fs/WindowsException'> (0x00000000e3602990) thrown at [D:\src\AOSP-openjdk-cygwin\jdk8u\hotspot\src\share\vm\prims\jni.cpp, line 710]
Event: 108.982 Thread 0x000000001ca88800 Exception <a 'java/lang/NoSuchMethodError': java.lang.Object.lambda$and$0(Ljava/util/function/Predicate;Ljava/lang/Object;)Z> (0x00000000e64ee5c8) thrown at [D:\src\AOSP-openjdk-cygwin\jdk8u\hotspot\src\share\vm\interpreter\linkResolver.cpp, line 620]
Event: 108.983 Thread 0x0000000018aec800 Exception <a 'java/lang/NoSuchMethodError': java.lang.Object.lambda$and$0(Ljava/util/function/Predicate;Ljava/lang/Object;)Z> (0x00000000e3610108) thrown at [D:\src\AOSP-openjdk-cygwin\jdk8u\hotspot\src\share\vm\interpreter\linkResolver.cpp, line 620]
Event: 108.983 Thread 0x000000001ca87800 Exception <a 'java/lang/NoSuchMethodError': java.lang.Object.lambda$and$0(Ljava/util/function/Predicate;Ljava/lang/Object;)Z> (0x00000000e647df70) thrown at [D:\src\AOSP-openjdk-cygwin\jdk8u\hotspot\src\share\vm\interpreter\linkResolver.cpp, line 620]

Events (10 events):
Event: 110.362 loading class com/android/tools/r8/dex/FileWriter$Layout done
Event: 110.362 loading class com/android/tools/r8/graph/DexCode
Event: 110.362 loading class com/android/tools/r8/graph/DexCode done
Event: 110.362 loading class com/android/tools/r8/graph/DexCode
Event: 110.362 loading class com/android/tools/r8/graph/DexCode done
Event: 110.362 loading class com/android/tools/r8/dex/FileWriter
Event: 110.362 loading class com/android/tools/r8/dex/FileWriter done
Event: 110.363 loading class com/android/tools/r8/graph/DexCode
Event: 110.363 loading class com/android/tools/r8/graph/DexCode done
Event: 110.363 loading class java/nio/ByteBufferAsShortBufferL


Dynamic libraries:
0x00007ff757b10000 - 0x00007ff757b41000 	D:\Program Files\Android\Android Studio\jre\bin\java.exe
0x00007ffa0ea40000 - 0x00007ffa0ec30000 	C:\WINDOWS\SYSTEM32\ntdll.dll
0x00007ff9f29f0000 - 0x00007ff9f2a04000 	C:\Program Files\AVAST Software\Avast\aswhook.dll
0x00007ffa0dc60000 - 0x00007ffa0dd12000 	C:\WINDOWS\System32\KERNEL32.DLL
0x00007ffa0bd70000 - 0x00007ffa0c013000 	C:\WINDOWS\System32\KERNELBASE.dll
0x00007ffa0db30000 - 0x00007ffa0dbd3000 	C:\WINDOWS\System32\ADVAPI32.dll
0x00007ffa0df80000 - 0x00007ffa0e01e000 	C:\WINDOWS\System32\msvcrt.dll
0x00007ffa0e020000 - 0x00007ffa0e0b7000 	C:\WINDOWS\System32\sechost.dll
0x00007ffa0d9a0000 - 0x00007ffa0dac0000 	C:\WINDOWS\System32\RPCRT4.dll
0x00007ffa0cbe0000 - 0x00007ffa0cd74000 	C:\WINDOWS\System32\USER32.dll
0x00007ffa0c020000 - 0x00007ffa0c041000 	C:\WINDOWS\System32\win32u.dll
0x00007ffa0de40000 - 0x00007ffa0de66000 	C:\WINDOWS\System32\GDI32.dll
0x00007ffa0bb00000 - 0x00007ffa0bc94000 	C:\WINDOWS\System32\gdi32full.dll
0x00007ffa0c920000 - 0x00007ffa0c9be000 	C:\WINDOWS\System32\msvcp_win.dll
0x00007ffa0ba00000 - 0x00007ffa0bafa000 	C:\WINDOWS\System32\ucrtbase.dll
0x00007ff9fc0c0000 - 0x00007ff9fc345000 	C:\WINDOWS\WinSxS\amd64_microsoft.windows.common-controls_6595b64144ccf1df_6.0.18362.418_none_e6c6b287130d565d\COMCTL32.dll
0x00007ffa0cd80000 - 0x00007ffa0d0b6000 	C:\WINDOWS\System32\combase.dll
0x00007ffa0bca0000 - 0x00007ffa0bd20000 	C:\WINDOWS\System32\bcryptPrimitives.dll
0x00007ffa0dd20000 - 0x00007ffa0dd4e000 	C:\WINDOWS\System32\IMM32.DLL
0x000000005a410000 - 0x000000005a4e2000 	D:\Program Files\Android\Android Studio\jre\jre\bin\msvcr100.dll
0x0000000059330000 - 0x0000000059b76000 	D:\Program Files\Android\Android Studio\jre\jre\bin\server\jvm.dll
0x00007ffa0cbd0000 - 0x00007ffa0cbd8000 	C:\WINDOWS\System32\PSAPI.DLL
0x00007ff9fb0c0000 - 0x00007ff9fb0c9000 	C:\WINDOWS\SYSTEM32\WSOCK32.dll
0x00007ffa0dac0000 - 0x00007ffa0db2f000 	C:\WINDOWS\System32\WS2_32.dll
0x00007ffa04a80000 - 0x00007ffa04aa4000 	C:\WINDOWS\SYSTEM32\WINMM.dll
0x00007ffa06990000 - 0x00007ffa0699a000 	C:\WINDOWS\SYSTEM32\VERSION.dll
0x00007ffa04a50000 - 0x00007ffa04a7d000 	C:\WINDOWS\SYSTEM32\WINMMBASE.dll
0x00007ffa0bd20000 - 0x00007ffa0bd6a000 	C:\WINDOWS\System32\cfgmgr32.dll
0x00007ff9fbac0000 - 0x00007ff9fbacf000 	D:\Program Files\Android\Android Studio\jre\jre\bin\verify.dll
0x00007ff9f9260000 - 0x00007ff9f9289000 	D:\Program Files\Android\Android Studio\jre\jre\bin\java.dll
0x00007ff9f97a0000 - 0x00007ff9f97b6000 	D:\Program Files\Android\Android Studio\jre\jre\bin\zip.dll
0x00007ffa0d0c0000 - 0x00007ffa0d7a5000 	C:\WINDOWS\System32\SHELL32.dll
0x00007ffa0d7b0000 - 0x00007ffa0d859000 	C:\WINDOWS\System32\shcore.dll
0x00007ffa0c1a0000 - 0x00007ffa0c91f000 	C:\WINDOWS\System32\windows.storage.dll
0x00007ffa0b970000 - 0x00007ffa0b98f000 	C:\WINDOWS\System32\profapi.dll
0x00007ffa0b920000 - 0x00007ffa0b96a000 	C:\WINDOWS\System32\powrprof.dll
0x00007ffa0b910000 - 0x00007ffa0b920000 	C:\WINDOWS\System32\UMPDC.dll
0x00007ffa0e3b0000 - 0x00007ffa0e402000 	C:\WINDOWS\System32\shlwapi.dll
0x00007ffa0b9b0000 - 0x00007ffa0b9c1000 	C:\WINDOWS\System32\kernel.appcore.dll
0x00007ffa0ca70000 - 0x00007ffa0ca87000 	C:\WINDOWS\System32\cryptsp.dll
0x00007ff9f73a0000 - 0x00007ff9f73ba000 	D:\Program Files\Android\Android Studio\jre\jre\bin\net.dll
0x00007ffa0b180000 - 0x00007ffa0b1e7000 	C:\WINDOWS\system32\mswsock.dll
0x00007ff9f4aa0000 - 0x00007ff9f4ab1000 	D:\Program Files\Android\Android Studio\jre\jre\bin\nio.dll
0x00007ff9f1d60000 - 0x00007ff9f1d7e000 	C:\Users\Amith K K\.gradle\native\25\windows-amd64\native-platform.dll
0x00007ff9f76a0000 - 0x00007ff9f76ad000 	D:\Program Files\Android\Android Studio\jre\jre\bin\management.dll
0x00007ffa0acf0000 - 0x00007ffa0ad23000 	C:\WINDOWS\system32\rsaenh.dll
0x00007ffa0b9d0000 - 0x00007ffa0b9f6000 	C:\WINDOWS\System32\bcrypt.dll
0x00007ffa0b800000 - 0x00007ffa0b825000 	C:\WINDOWS\SYSTEM32\USERENV.dll
0x00007ffa0b350000 - 0x00007ffa0b35c000 	C:\WINDOWS\SYSTEM32\CRYPTBASE.dll
0x00007ffa0ae90000 - 0x00007ffa0aeca000 	C:\WINDOWS\SYSTEM32\IPHLPAPI.DLL
0x00007ffa0caf0000 - 0x00007ffa0caf8000 	C:\WINDOWS\System32\NSI.dll
0x00007ffa041f0000 - 0x00007ffa04206000 	C:\WINDOWS\SYSTEM32\dhcpcsvc6.DLL
0x00007ffa041d0000 - 0x00007ffa041ec000 	C:\WINDOWS\SYSTEM32\dhcpcsvc.DLL
0x00007ffa0aed0000 - 0x00007ffa0af9a000 	C:\WINDOWS\SYSTEM32\DNSAPI.dll

VM Arguments:
jvm_args: -Xmx1536m -Dfile.encoding=windows-1252 -Duser.country=US -Duser.language=en -Duser.variant 
java_command: org.gradle.launcher.daemon.bootstrap.GradleDaemon 5.1.1
java_class_path (initial): C:\Users\Amith K K\.gradle\wrapper\dists\gradle-5.1.1-all\97z1ksx6lirer3kbvdnh7jtjg\gradle-5.1.1\lib\gradle-launcher-5.1.1.jar
Launcher Type: SUN_STANDARD

Environment Variables:
JAVA_HOME=D:\Program Files\Java\jdk1.8.0_191\
USERNAME=Amith K K
OS=Windows_NT
PROCESSOR_IDENTIFIER=Intel64 Family 6 Model 158 Stepping 9, GenuineIntel



---------------  S Y S T E M  ---------------

OS: Windows 10.0 , 64 bit Build 18362 (10.0.18362.329)

CPU:total 4 (initial active 4) (4 cores per cpu, 1 threads per core) family 6 model 158 stepping 9, cmov, cx8, fxsr, mmx, sse, sse2, sse3, ssse3, sse4.1, sse4.2, popcnt, avx, avx2, aes, clmul, erms, 3dnowpref, lzcnt, tsc, tscinvbit, bmi1, bmi2, adx

Memory: 4k page, physical 8269412k(487924k free), swap 18509412k(6024k free)

vm_info: OpenJDK 64-Bit Server VM (25.202-b03) for windows-amd64 JRE (1.8.0_202-release-1483-b03), built by "builder" with MS VC++ 10.0 (VS2010)

time: Mon Nov 04 23:03:34 2019
timezone: India Standard Time
elapsed time: 110 seconds (0d 0h 1m 50s)

